# JRE version: OpenJDK Runtime Environment (21.0.9) (build 21.0.9+-14649483-b1163.86)
# Java VM: OpenJDK 64-Bit Server VM (21.0.9+-14649483-b1163.86, mixed mode, tiered, compressed oops, compressed class ptrs, g1 gc, windows-amd64)
GC Precious Log:
 CardTable entry size: 512
 Card Set container configuration: InlinePtr #cards 5 size 8 Array Of Cards #cards 12 size 40 Howl #buckets 4 coarsen threshold 1843 Howl Bitmap #cards 512 size 80 coarsen threshold 460 Card regions per heap region 1 cards per card region 2048
 CPUs: 4 total, 4 available
 Memory: 20174M
 Large Page Support: Disabled
 NUMA Support: Disabled
 Compressed Oops: Enabled (32-bit)
 Heap Region Size: 1M
 Heap Min Capacity: 8M
 Heap Initial Capacity: 316M
 Heap Max Capacity: 2G
 Pre-touch: Disabled
 Parallel Workers: 4
 Concurrent Workers: 1
 Concurrent Refinement Workers: 4
 Periodic GC: Disabled
Heap:
 garbage-first heap   total 342016K, used 192615K [0x0000000080000000, 0x0000000100000000)
  region size 1024K, 6 young (6144K), 5 survivors (5120K)
 Metaspace       used 150374K, committed 152064K, reserved 1245184K
  class space    used 20081K, committed 20864K, reserved 1048576K
GC Heap History (20 events):
Event: 5197.418 GC heap after
{Heap after GC invocations=92 (full 0):
 garbage-first heap   total 279552K, used 166264K [0x0000000080000000, 0x0000000100000000)
  region size 1024K, 3 young (3072K), 3 survivors (3072K)
 Metaspace       used 136158K, committed 137792K, reserved 1179648K
  class space    used 18497K, committed 19264K, reserved 1048576K
}
Event: 5199.280 GC heap before
{Heap before GC invocations=93 (full 0):
 garbage-first heap   total 279552K, used 257400K [0x0000000080000000, 0x0000000100000000)
  region size 1024K, 98 young (100352K), 3 survivors (3072K)
 Metaspace       used 142359K, committed 144000K, reserved 1179648K
  class space    used 19337K, committed 20096K, reserved 1048576K
}
Event: 5199.288 GC heap after
{Heap after GC invocations=94 (full 0):
 garbage-first heap   total 279552K, used 165044K [0x0000000080000000, 0x0000000100000000)
  region size 1024K, 7 young (7168K), 7 survivors (7168K)
 Metaspace       used 142359K, committed 144000K, reserved 1179648K
  class space    used 19337K, committed 20096K, reserved 1048576K
}
Event: 5202.554 GC heap before
{Heap before GC invocations=94 (full 0):
 garbage-first heap   total 279552K, used 262324K [0x0000000080000000, 0x0000000100000000)
  region size 1024K, 103 young (105472K), 7 survivors (7168K)
 Metaspace       used 143017K, committed 144640K, reserved 1179648K
  class space    used 19380K, committed 20160K, reserved 1048576K
}
Event: 5202.567 GC heap after
{Heap after GC invocations=95 (full 0):
 garbage-first heap   total 279552K, used 163785K [0x0000000080000000, 0x0000000100000000)
  region size 1024K, 10 young (10240K), 10 survivors (10240K)
 Metaspace       used 143017K, committed 144640K, reserved 1179648K
  class space    used 19380K, committed 20160K, reserved 1048576K
}
Event: 5203.238 GC heap before
{Heap before GC invocations=95 (full 0):
 garbage-first heap   total 279552K, used 178121K [0x0000000080000000, 0x0000000100000000)
  region size 1024K, 25 young (25600K), 10 survivors (10240K)
 Metaspace       used 143080K, committed 144704K, reserved 1179648K
  class space    used 19380K, committed 20160K, reserved 1048576K
}
Event: 5203.254 GC heap after
{Heap after GC invocations=96 (full 0):
 garbage-first heap   total 279552K, used 170496K [0x0000000080000000, 0x0000000100000000)
  region size 1024K, 11 young (11264K), 11 survivors (11264K)
 Metaspace       used 143080K, committed 144704K, reserved 1179648K
  class space    used 19380K, committed 20160K, reserved 1048576K
}
Event: 5206.941 GC heap before
{Heap before GC invocations=97 (full 0):
 garbage-first heap   total 301056K, used 246272K [0x0000000080000000, 0x0000000100000000)
  region size 1024K, 69 young (70656K), 11 survivors (11264K)
 Metaspace       used 143464K, committed 145088K, reserved 1179648K
  class space    used 19390K, committed 20160K, reserved 1048576K
}
Event: 5206.965 GC heap after
{Heap after GC invocations=98 (full 0):
 garbage-first heap   total 301056K, used 191488K [0x0000000080000000, 0x0000000100000000)
  region size 1024K, 9 young (9216K), 9 survivors (9216K)
 Metaspace       used 143464K, committed 145088K, reserved 1179648K
  class space    used 19390K, committed 20160K, reserved 1048576K
}
Event: 5208.413 GC heap before
{Heap before GC invocations=98 (full 0):
 garbage-first heap   total 301056K, used 266240K [0x0000000080000000, 0x0000000100000000)
  region size 1024K, 66 young (67584K), 9 survivors (9216K)
 Metaspace       used 143829K, committed 145472K, reserved 1179648K
  class space    used 19422K, committed 20224K, reserved 1048576K
}
Event: 5208.436 GC heap after
{Heap after GC invocations=99 (full 0):
 garbage-first heap   total 301056K, used 198688K [0x0000000080000000, 0x0000000100000000)
  region size 1024K, 8 young (8192K), 8 survivors (8192K)
 Metaspace       used 143829K, committed 145472K, reserved 1179648K
  class space    used 19422K, committed 20224K, reserved 1048576K
}
Event: 5209.258 GC heap before
{Heap before GC invocations=99 (full 0):
 garbage-first heap   total 301056K, used 255008K [0x0000000080000000, 0x0000000100000000)
  region size 1024K, 64 young (65536K), 8 survivors (8192K)
 Metaspace       used 146931K, committed 148608K, reserved 1179648K
  class space    used 19695K, committed 20480K, reserved 1048576K
}
Event: 5209.285 GC heap after
{Heap after GC invocations=100 (full 0):
 garbage-first heap   total 301056K, used 204800K [0x0000000080000000, 0x0000000100000000)
  region size 1024K, 6 young (6144K), 6 survivors (6144K)
 Metaspace       used 146931K, committed 148608K, reserved 1179648K
  class space    used 19695K, committed 20480K, reserved 1048576K
}
Event: 5210.938 GC heap before
{Heap before GC invocations=101 (full 0):
 garbage-first heap   total 342016K, used 262144K [0x0000000080000000, 0x0000000100000000)
  region size 1024K, 63 young (64512K), 6 survivors (6144K)
 Metaspace       used 147414K, committed 148992K, reserved 1179648K
  class space    used 19731K, committed 20480K, reserved 1048576K
}
Event: 5210.950 GC heap after
{Heap after GC invocations=102 (full 0):
 garbage-first heap   total 342016K, used 208384K [0x0000000080000000, 0x0000000100000000)
  region size 1024K, 4 young (4096K), 4 survivors (4096K)
 Metaspace       used 147414K, committed 148992K, reserved 1179648K
  class space    used 19731K, committed 20480K, reserved 1048576K
}
Event: 5212.599 GC heap before
{Heap before GC invocations=102 (full 0):
 garbage-first heap   total 342016K, used 286208K [0x0000000080000000, 0x0000000100000000)
  region size 1024K, 81 young (82944K), 4 survivors (4096K)
 Metaspace       used 148444K, committed 150080K, reserved 1179648K
  class space    used 19827K, committed 20608K, reserved 1048576K
}
Event: 5212.614 GC heap after
{Heap after GC invocations=103 (full 0):
 garbage-first heap   total 342016K, used 207741K [0x0000000080000000, 0x0000000100000000)
  region size 1024K, 10 young (10240K), 10 survivors (10240K)
 Metaspace       used 148444K, committed 150080K, reserved 1179648K
  class space    used 19827K, committed 20608K, reserved 1048576K
}
Event: 5215.079 GC heap before
{Heap before GC invocations=103 (full 0):
 garbage-first heap   total 342016K, used 289661K [0x0000000080000000, 0x0000000100000000)
  region size 1024K, 91 young (93184K), 10 survivors (10240K)
 Metaspace       used 148532K, committed 150208K, reserved 1179648K
  class space    used 19829K, committed 20608K, reserved 1048576K
}
Event: 5215.086 GC heap after
{Heap after GC invocations=104 (full 0):
 garbage-first heap   total 342016K, used 204189K [0x0000000080000000, 0x0000000100000000)
  region size 1024K, 2 young (2048K), 2 survivors (2048K)
 Metaspace       used 148532K, committed 150208K, reserved 1179648K
  class space    used 19829K, committed 20608K, reserved 1048576K
}
Event: 5221.381 GC heap before
{Heap before GC invocations=105 (full 0):
 garbage-first heap   total 342016K, used 279965K [0x0000000080000000, 0x0000000100000000)
  region size 1024K, 91 young (93184K), 2 survivors (2048K)
 Metaspace       used 150374K, committed 152064K, reserved 1245184K
  class space    used 20081K, committed 20864K, reserved 1048576K
}

